# JRE version: OpenJDK Runtime Environment (8.0_152-b01) (build 1.8.0_152-release-915-b01)
# Java VM: OpenJDK 64-Bit Server VM (25.152-b01 mixed mode windows-amd64 compressed oops)
Heap:
 PSYoungGen      total 123392K, used 27313K [0x00000000e0000000, 0x00000000e8480000, 0x0000000100000000)
  eden space 113152K, 15% used [0x00000000e0000000,0x00000000e10ad568,0x00000000e6e80000)
  from space 10240K, 99% used [0x00000000e7a00000,0x00000000e83feef0,0x00000000e8400000)
  to   space 11264K, 0% used [0x00000000e6e80000,0x00000000e6e80000,0x00000000e7980000)
 ParOldGen       total 88064K, used 19107K [0x00000000a0000000, 0x00000000a5600000, 0x00000000e0000000)
  object space 88064K, 21% used [0x00000000a0000000,0x00000000a12a8cd8,0x00000000a5600000)
 Metaspace       used 44541K, capacity 45586K, committed 45952K, reserved 1089536K
  class space    used 6039K, capacity 6403K, committed 6528K, reserved 1048576K
GC Heap History (10 events):
Event: 4.521 GC heap before
{Heap before GC invocations=6 (full 1):
 PSYoungGen      total 71680K, used 66560K [0x00000000e0000000, 0x00000000e4b00000, 0x0000000100000000)
  eden space 66560K, 100% used [0x00000000e0000000,0x00000000e4100000,0x00000000e4100000)
  from space 5120K, 0% used [0x00000000e4600000,0x00000000e4600000,0x00000000e4b00000)
  to   space 5120K, 0% used [0x00000000e4100000,0x00000000e4100000,0x00000000e4600000)
 ParOldGen       total 62464K, used 9118K [0x00000000a0000000, 0x00000000a3d00000, 0x00000000e0000000)
  object space 62464K, 14% used [0x00000000a0000000,0x00000000a08e7b80,0x00000000a3d00000)
 Metaspace       used 25573K, capacity 26054K, committed 26368K, reserved 1071104K
  class space    used 3538K, capacity 3714K, committed 3840K, reserved 1048576K
Event: 4.635 GC heap after
Heap after GC invocations=6 (full 1):
 PSYoungGen      total 71680K, used 5118K [0x00000000e0000000, 0x00000000e8400000, 0x0000000100000000)
  eden space 66560K, 0% used [0x00000000e0000000,0x00000000e0000000,0x00000000e4100000)
  from space 5120K, 99% used [0x00000000e4100000,0x00000000e45ff898,0x00000000e4600000)
  to   space 10240K, 0% used [0x00000000e7a00000,0x00000000e7a00000,0x00000000e8400000)
 ParOldGen       total 62464K, used 10779K [0x00000000a0000000, 0x00000000a3d00000, 0x00000000e0000000)
  object space 62464K, 17% used [0x00000000a0000000,0x00000000a0a86d58,0x00000000a3d00000)
 Metaspace       used 25573K, capacity 26054K, committed 26368K, reserved 1071104K
  class space    used 3538K, capacity 3714K, committed 3840K, reserved 1048576K
}
Event: 5.529 GC heap before
{Heap before GC invocations=7 (full 1):
 PSYoungGen      total 71680K, used 71678K [0x00000000e0000000, 0x00000000e8400000, 0x0000000100000000)
  eden space 66560K, 100% used [0x00000000e0000000,0x00000000e4100000,0x00000000e4100000)
  from space 5120K, 99% used [0x00000000e4100000,0x00000000e45ff898,0x00000000e4600000)
  to   space 10240K, 0% used [0x00000000e7a00000,0x00000000e7a00000,0x00000000e8400000)
 ParOldGen       total 62464K, used 10779K [0x00000000a0000000, 0x00000000a3d00000, 0x00000000e0000000)
  object space 62464K, 17% used [0x00000000a0000000,0x00000000a0a86d58,0x00000000a3d00000)
 Metaspace       used 31225K, capacity 31926K, committed 32000K, reserved 1077248K
  class space    used 4312K, capacity 4584K, committed 4608K, reserved 1048576K
Event: 5.542 GC heap after
Heap after GC invocations=7 (full 1):
 PSYoungGen      total 123392K, used 9735K [0x00000000e0000000, 0x00000000e8480000, 0x0000000100000000)
  eden space 113152K, 0% used [0x00000000e0000000,0x00000000e0000000,0x00000000e6e80000)
  from space 10240K, 95% used [0x00000000e7a00000,0x00000000e8381df0,0x00000000e8400000)
  to   space 11264K, 0% used [0x00000000e6e80000,0x00000000e6e80000,0x00000000e7980000)
 ParOldGen       total 62464K, used 10851K [0x00000000a0000000, 0x00000000a3d00000, 0x00000000e0000000)
  object space 62464K, 17% used [0x00000000a0000000,0x00000000a0a98d68,0x00000000a3d00000)
 Metaspace       used 31225K, capacity 31926K, committed 32000K, reserved 1077248K
  class space    used 4312K, capacity 4584K, committed 4608K, reserved 1048576K
}
Event: 6.531 GC heap before
{Heap before GC invocations=8 (full 1):
 PSYoungGen      total 123392K, used 77330K [0x00000000e0000000, 0x00000000e8480000, 0x0000000100000000)
  eden space 113152K, 59% used [0x00000000e0000000,0x00000000e4202b80,0x00000000e6e80000)
  from space 10240K, 95% used [0x00000000e7a00000,0x00000000e8381df0,0x00000000e8400000)
  to   space 11264K, 0% used [0x00000000e6e80000,0x00000000e6e80000,0x00000000e7980000)
 ParOldGen       total 62464K, used 10851K [0x00000000a0000000, 0x00000000a3d00000, 0x00000000e0000000)
  object space 62464K, 17% used [0x00000000a0000000,0x00000000a0a98d68,0x00000000a3d00000)
 Metaspace       used 34400K, capacity 35188K, committed 35416K, reserved 1079296K
  class space    used 4693K, capacity 4974K, committed 4992K, reserved 1048576K
Event: 6.541 GC heap after
Heap after GC invocations=8 (full 1):
 PSYoungGen      total 124416K, used 10369K [0x00000000e0000000, 0x00000000e8480000, 0x0000000100000000)
  eden space 113152K, 0% used [0x00000000e0000000,0x00000000e0000000,0x00000000e6e80000)
  from space 11264K, 92% used [0x00000000e6e80000,0x00000000e78a0490,0x00000000e7980000)
  to   space 10240K, 0% used [0x00000000e7a00000,0x00000000e7a00000,0x00000000e8400000)
 ParOldGen       total 62464K, used 10859K [0x00000000a0000000, 0x00000000a3d00000, 0x00000000e0000000)
  object space 62464K, 17% used [0x00000000a0000000,0x00000000a0a9ad68,0x00000000a3d00000)
 Metaspace       used 34400K, capacity 35188K, committed 35416K, reserved 1079296K
  class space    used 4693K, capacity 4974K, committed 4992K, reserved 1048576K
}
Event: 6.541 GC heap before
{Heap before GC invocations=9 (full 2):
 PSYoungGen      total 124416K, used 10369K [0x00000000e0000000, 0x00000000e8480000, 0x0000000100000000)
  eden space 113152K, 0% used [0x00000000e0000000,0x00000000e0000000,0x00000000e6e80000)
  from space 11264K, 92% used [0x00000000e6e80000,0x00000000e78a0490,0x00000000e7980000)
  to   space 10240K, 0% used [0x00000000e7a00000,0x00000000e7a00000,0x00000000e8400000)
 ParOldGen       total 62464K, used 10859K [0x00000000a0000000, 0x00000000a3d00000, 0x00000000e0000000)
  object space 62464K, 17% used [0x00000000a0000000,0x00000000a0a9ad68,0x00000000a3d00000)
 Metaspace       used 34400K, capacity 35188K, committed 35416K, reserved 1079296K
  class space    used 4693K, capacity 4974K, committed 4992K, reserved 1048576K
Event: 6.600 GC heap after
Heap after GC invocations=9 (full 2):
 PSYoungGen      total 124416K, used 0K [0x00000000e0000000, 0x00000000e8480000, 0x0000000100000000)
  eden space 113152K, 0% used [0x00000000e0000000,0x00000000e0000000,0x00000000e6e80000)
  from space 11264K, 0% used [0x00000000e6e80000,0x00000000e6e80000,0x00000000e7980000)
  to   space 10240K, 0% used [0x00000000e7a00000,0x00000000e7a00000,0x00000000e8400000)
 ParOldGen       total 88064K, used 16680K [0x00000000a0000000, 0x00000000a5600000, 0x00000000e0000000)
  object space 88064K, 18% used [0x00000000a0000000,0x00000000a104a278,0x00000000a5600000)
 Metaspace       used 34400K, capacity 35188K, committed 35416K, reserved 1079296K
  class space    used 4693K, capacity 4974K, committed 4992K, reserved 1048576K
}
Event: 7.474 GC heap before
{Heap before GC invocations=10 (full 2):
 PSYoungGen      total 124416K, used 113152K [0x00000000e0000000, 0x00000000e8480000, 0x0000000100000000)
  eden space 113152K, 100% used [0x00000000e0000000,0x00000000e6e80000,0x00000000e6e80000)
  from space 11264K, 0% used [0x00000000e6e80000,0x00000000e6e80000,0x00000000e7980000)
  to   space 10240K, 0% used [0x00000000e7a00000,0x00000000e7a00000,0x00000000e8400000)
 ParOldGen       total 88064K, used 16680K [0x00000000a0000000, 0x00000000a5600000, 0x00000000e0000000)
  object space 88064K, 18% used [0x00000000a0000000,0x00000000a104a278,0x00000000a5600000)
 Metaspace       used 42104K, capacity 43054K, committed 43264K, reserved 1087488K
  class space    used 5654K, capacity 6027K, committed 6144K, reserved 1048576K
Event: 7.485 GC heap after
Heap after GC invocations=10 (full 2):
 PSYoungGen      total 123392K, used 10235K [0x00000000e0000000, 0x00000000e8480000, 0x0000000100000000)
  eden space 113152K, 0% used [0x00000000e0000000,0x00000000e0000000,0x00000000e6e80000)
  from space 10240K, 99% used [0x00000000e7a00000,0x00000000e83feef0,0x00000000e8400000)
  to   space 11264K, 0% used [0x00000000e6e80000,0x00000000e6e80000,0x00000000e7980000)
 ParOldGen       total 88064K, used 19107K [0x00000000a0000000, 0x00000000a5600000, 0x00000000e0000000)
  object space 88064K, 21% used [0x00000000a0000000,0x00000000a12a8cd8,0x00000000a5600000)
 Metaspace       used 42104K, capacity 43054K, committed 43264K, reserved 1087488K
  class space    used 5654K, capacity 6027K, committed 6144K, reserved 1048576K
}

